Sat 11 Mar 2023 02:22:13 AM UTC: 
 exercises.c | 2 ++
 1 file changed, 2 insertions(+)
In file included from test.c:5:
exercises.c: In function ‘swap’:
exercises.c:17:3: error: ‘asas’ undeclared (first use in this function)
   17 |   asas
      |   ^~~~
exercises.c:17:3: note: each undeclared identifier is reported only once for each function it appears in
exercises.c:17:7: error: expected ‘;’ before ‘}’ token
   17 |   asas
      |       ^
      |       ;
   18 | 
   19 | }
      | ~      
Compilation failed
24ad2f7
Sat 11 Mar 2023 02:23:36 AM UTC: 
 exercises.c | 4 +++-
 1 file changed, 3 insertions(+), 1 deletion(-)
In file included from test.c:5:
exercises.c: In function ‘swap’:
exercises.c:18:3: error: invalid operands to binary * (have ‘int’ and ‘int *’)
   17 |   int aux=*b
      |           ~~
      |           |
      |           int
   18 |   *b=*a
      |   ^
exercises.c:19:3: error: invalid operands to binary * (have ‘int’ and ‘int *’)
   18 |   *b=*a
      |      ~~
      |      |
      |      int
   19 |   *a=aux
      |   ^
exercises.c:21:1: error: expected ‘,’ or ‘;’ before ‘}’ token
   21 | }
      | ^
test.c:251:5: error: ‘main’ is normally a non-static function [-Werror=main]
  251 | int main( int argc, char *argv[] ) {
      |     ^~~~
test.c:271:1: error: expected declaration or statement at end of input
  271 | }
      | ^
At top level:
test.c:251:5: error: ‘main’ defined but not used [-Werror=unused-function]
  251 | int main( int argc, char *argv[] ) {
      |     ^~~~
cc1: all warnings being treated as errors
Compilation failed
231aacc
Sat 11 Mar 2023 02:23:58 AM UTC: 
 exercises.c | 2 +-
 1 file changed, 1 insertion(+), 1 deletion(-)
In file included from test.c:5:
exercises.c: In function ‘swap’:
exercises.c:18:3: error: invalid operands to binary * (have ‘int’ and ‘int *’)
   17 |   int *aux=*b
      |            ~~
      |            |
      |            int
   18 |   *b=*a
      |   ^
exercises.c:19:3: error: invalid operands to binary * (have ‘int’ and ‘int *’)
   18 |   *b=*a
      |      ~~
      |      |
      |      int
   19 |   *a=aux
      |   ^
exercises.c:21:1: error: expected ‘,’ or ‘;’ before ‘}’ token
   21 | }
      | ^
test.c:251:5: error: ‘main’ is normally a non-static function [-Werror=main]
  251 | int main( int argc, char *argv[] ) {
      |     ^~~~
test.c:271:1: error: expected declaration or statement at end of input
  271 | }
      | ^
At top level:
test.c:251:5: error: ‘main’ defined but not used [-Werror=unused-function]
  251 | int main( int argc, char *argv[] ) {
      |     ^~~~
cc1: all warnings being treated as errors
Compilation failed
0ed7c4c
Sat 11 Mar 2023 02:24:16 AM UTC: 
 exercises.c | 2 +-
 1 file changed, 1 insertion(+), 1 deletion(-)
In file included from test.c:5:
exercises.c: In function ‘swap’:
exercises.c:18:3: error: invalid operands to binary * (have ‘int’ and ‘int *’)
   17 |   int *aux=*b
      |            ~~
      |            |
      |            int
   18 |   *b=*a
      |   ^
exercises.c:19:3: error: invalid operands to binary * (have ‘int’ and ‘int *’)
   18 |   *b=*a
      |      ~~
      |      |
      |      int
   19 |   *a=*aux
      |   ^
exercises.c:21:1: error: expected ‘,’ or ‘;’ before ‘}’ token
   21 | }
      | ^
test.c:251:5: error: ‘main’ is normally a non-static function [-Werror=main]
  251 | int main( int argc, char *argv[] ) {
      |     ^~~~
test.c:271:1: error: expected declaration or statement at end of input
  271 | }
      | ^
At top level:
test.c:251:5: error: ‘main’ defined but not used [-Werror=unused-function]
  251 | int main( int argc, char *argv[] ) {
      |     ^~~~
cc1: all warnings being treated as errors
Compilation failed
bea5733
Sat 11 Mar 2023 02:25:16 AM UTC: 
 exercises.c | 6 +++---
 1 file changed, 3 insertions(+), 3 deletions(-)
In file included from test.c:5:
exercises.c: In function ‘swap’:
exercises.c:17:11: error: initialization of ‘int’ from ‘int *’ makes integer from pointer without a cast [-Werror=int-conversion]
   17 |   int aux=b
      |           ^
exercises.c:18:3: error: expected ‘,’ or ‘;’ before ‘b’
   18 |   b=a
      |   ^
test.c:251:5: error: ‘main’ is normally a non-static function [-Werror=main]
  251 | int main( int argc, char *argv[] ) {
      |     ^~~~
test.c:271:1: error: expected declaration or statement at end of input
  271 | }
      | ^
In file included from test.c:5:
exercises.c:17:7: error: unused variable ‘aux’ [-Werror=unused-variable]
   17 |   int aux=b
      |       ^~~
At top level:
test.c:251:5: error: ‘main’ defined but not used [-Werror=unused-function]
  251 | int main( int argc, char *argv[] ) {
      |     ^~~~
cc1: all warnings being treated as errors
Compilation failed
5d3eb36
Sat 11 Mar 2023 02:25:37 AM UTC: 
 exercises.c | 6 +++---
 1 file changed, 3 insertions(+), 3 deletions(-)
In file included from test.c:5:
exercises.c: In function ‘swap’:
exercises.c:17:11: error: initialization of ‘int’ from ‘int *’ makes integer from pointer without a cast [-Werror=int-conversion]
   17 |   int aux=b;
      |           ^
exercises.c:19:4: error: assignment to ‘int *’ from ‘int’ makes pointer from integer without a cast [-Werror=int-conversion]
   19 |   a=aux;
      |    ^
cc1: all warnings being treated as errors
Compilation failed
c5cc544
Sat 11 Mar 2023 02:25:59 AM UTC: 
 exercises.c | 6 +++---
 1 file changed, 3 insertions(+), 3 deletions(-)
 tests:  1|6
total_score: 10/70
292e50f
Sat 11 Mar 2023 02:38:15 AM UTC: 
 exercises.c | 11 +++++++++++
 1 file changed, 11 insertions(+)
In file included from test.c:5:
exercises.c: In function ‘arrayMaxMin’:
exercises.c:33:11: error: invalid type argument of unary ‘*’ (have ‘int’)
   33 |       if((*a[i]<a[i-1])&&(i>0))
      |           ^~~~~
exercises.c:37:11: error: invalid type argument of unary ‘*’ (have ‘int’)
   37 |       if((*a[i]>a[i-1])&&(i>0))
      |           ^~~~~
Compilation failed
369c427
Sat 11 Mar 2023 02:38:38 AM UTC: 
 exercises.c | 4 ++--
 1 file changed, 2 insertions(+), 2 deletions(-)
In file included from test.c:5:
exercises.c: In function ‘arrayMaxMin’:
exercises.c:33:11: error: invalid type argument of unary ‘*’ (have ‘int’)
   33 |       if((*a[i]<*a[i-1])&&(i>0))
      |           ^~~~~
exercises.c:33:17: error: invalid type argument of unary ‘*’ (have ‘int’)
   33 |       if((*a[i]<*a[i-1])&&(i>0))
      |                 ^~~~~~~
exercises.c:37:11: error: invalid type argument of unary ‘*’ (have ‘int’)
   37 |       if((*a[i]>*a[i-1])&&(i>0))
      |           ^~~~~
exercises.c:37:17: error: invalid type argument of unary ‘*’ (have ‘int’)
   37 |       if((*a[i]>*a[i-1])&&(i>0))
      |                 ^~~~~~~
Compilation failed
75d3109
Sat 11 Mar 2023 02:39:39 AM UTC: 
 exercises.c | 4 ++--
 1 file changed, 2 insertions(+), 2 deletions(-)
 tests:  1|6
total_score: 10/70
968bfa5
Sat 11 Mar 2023 02:40:17 AM UTC: 
 exercises.c | 2 +-
 1 file changed, 1 insertion(+), 1 deletion(-)
 tests:  1|6
total_score: 10/70
6b24861
Sat 11 Mar 2023 02:41:40 AM UTC: 
 exercises.c | 6 +++---
 1 file changed, 3 insertions(+), 3 deletions(-)
 tests:  1|6
total_score: 10/70
3185624
Sat 11 Mar 2023 02:42:06 AM UTC: 
 exercises.c | 2 +-
 1 file changed, 1 insertion(+), 1 deletion(-)
 tests:  1|6
total_score: 10/70
a41bbe8
Sat 11 Mar 2023 02:43:22 AM UTC: 
 exercises.c | 2 +-
 1 file changed, 1 insertion(+), 1 deletion(-)
 tests:  1|6
total_score: 10/70
8c97cc7
Sat 11 Mar 2023 02:44:45 AM UTC: 
 exercises.c | 2 +-
 1 file changed, 1 insertion(+), 1 deletion(-)
In file included from test.c:5:
exercises.c: In function ‘arrayMaxMin’:
exercises.c:31:20: error: initialization of ‘int *’ from ‘int’ makes pointer from integer without a cast [-Werror=int-conversion]
   31 |   for(int i=1,*max=a[0],*min=[0];i<n;i++)
      |                    ^
exercises.c:31:30: error: expected expression before ‘[’ token
   31 |   for(int i=1,*max=a[0],*min=[0];i<n;i++)
      |                              ^
cc1: all warnings being treated as errors
Compilation failed
92420c0
Sat 11 Mar 2023 02:44:59 AM UTC: 
 exercises.c | 2 +-
 1 file changed, 1 insertion(+), 1 deletion(-)
In file included from test.c:5:
exercises.c: In function ‘arrayMaxMin’:
exercises.c:31:20: error: initialization of ‘int *’ from ‘int’ makes pointer from integer without a cast [-Werror=int-conversion]
   31 |   for(int i=1,*max=a[0],*min=a[0];i<n;i++)
      |                    ^
exercises.c:31:30: error: initialization of ‘int *’ from ‘int’ makes pointer from integer without a cast [-Werror=int-conversion]
   31 |   for(int i=1,*max=a[0],*min=a[0];i<n;i++)
      |                              ^
cc1: all warnings being treated as errors
Compilation failed
d32cff3
Sat 11 Mar 2023 02:45:46 AM UTC: 
 exercises.c | 2 +-
 1 file changed, 1 insertion(+), 1 deletion(-)
In file included from test.c:5:
exercises.c: In function ‘arrayMaxMin’:
exercises.c:31:20: error: invalid type argument of unary ‘*’ (have ‘int’)
   31 |   for(int i=1,*max=*a[0],*min=*a[0];i<n;i++)
      |                    ^~~~~
exercises.c:31:31: error: invalid type argument of unary ‘*’ (have ‘int’)
   31 |   for(int i=1,*max=*a[0],*min=*a[0];i<n;i++)
      |                               ^~~~~
Compilation failed
3d6b437
Sat 11 Mar 2023 02:46:36 AM UTC: 
 exercises.c | 2 +-
 1 file changed, 1 insertion(+), 1 deletion(-)
In file included from test.c:5:
exercises.c: In function ‘arrayMaxMin’:
exercises.c:31:27: error: expected expression before ‘int’
   31 |   for(*max=a[0],*min=a[0],int i=1;i<n;i++)
      |                           ^~~
exercises.c:31:35: error: ‘i’ undeclared (first use in this function)
   31 |   for(*max=a[0],*min=a[0],int i=1;i<n;i++)
      |                                   ^
exercises.c:31:35: note: each undeclared identifier is reported only once for each function it appears in
Compilation failed
fb56f7b
Sat 11 Mar 2023 02:47:29 AM UTC: 
 exercises.c | 4 +++-
 1 file changed, 3 insertions(+), 1 deletion(-)
 tests:  1|6
total_score: 10/70
7a252bf
Sat 11 Mar 2023 02:49:27 AM UTC: 
 exercises.c | 4 ++--
 1 file changed, 2 insertions(+), 2 deletions(-)
 tests:  2|5
total_score: 20/70
8988dd8
Sat 11 Mar 2023 03:00:58 AM UTC: 
 exercises.c | 3 +++
 1 file changed, 3 insertions(+)
In file included from test.c:5:
exercises.c: In function ‘crearPersona’:
exercises.c:64:13: error: assignment to expression with array type
   64 |   p->nombre = nombre;
      |             ^
exercises.c:65:10: error: assignment to expression with array type
   65 |   p->rut = rut;
      |          ^
Compilation failed
1cca14c
Sat 11 Mar 2023 03:01:17 AM UTC: 
 exercises.c | 4 ++--
 1 file changed, 2 insertions(+), 2 deletions(-)
In file included from test.c:5:
exercises.c: In function ‘crearPersona’:
exercises.c:64:22: error: expected expression before ‘]’ token
   64 |   p->nombre = nombre[];
      |                      ^
exercises.c:65:16: error: expected expression before ‘]’ token
   65 |   p->rut = rut[];
      |                ^
Compilation failed
cbffe5a
Sat 11 Mar 2023 03:01:35 AM UTC: 
 exercises.c | 4 ++--
 1 file changed, 2 insertions(+), 2 deletions(-)
In file included from test.c:5:
exercises.c: In function ‘crearPersona’:
exercises.c:64:13: error: assignment to expression with array type
   64 |   p->nombre = *nombre;
      |             ^
exercises.c:65:10: error: assignment to expression with array type
   65 |   p->rut = *rut;
      |          ^
Compilation failed
1021e5f
Sat 11 Mar 2023 03:06:54 AM UTC: 
 exercises.c | 5 +++--
 1 file changed, 3 insertions(+), 2 deletions(-)
 tests:  3|4
total_score: 30/70
1d8f8a2
Sat 11 Mar 2023 03:53:40 AM UTC: 
 exercises.c | 11 ++++++++++-
 1 file changed, 10 insertions(+), 1 deletion(-)
In file included from test.c:5:
exercises.c: In function ‘crearVector’:
exercises.c:88:32: error: expected expression before ‘int’
   88 |   Vector *vectorn=(int*)malloc(int*,n);
      |                                ^~~
Compilation failed
539f8eb
Sat 11 Mar 2023 03:56:15 AM UTC: 
 exercises.c | 2 +-
 1 file changed, 1 insertion(+), 1 deletion(-)
In file included from test.c:5:
exercises.c: In function ‘crearVector’:
exercises.c:92:14: error: ‘*vectorn.datos’ may be used uninitialized [-Werror=maybe-uninitialized]
   92 |       vectorn->datos[i]=0;
      |       ~~~~~~~^~~~~~~
cc1: all warnings being treated as errors
Compilation failed
95a52f4
Sat 11 Mar 2023 03:57:52 AM UTC: 
 exercises.c | 3 ++-
 1 file changed, 2 insertions(+), 1 deletion(-)
In file included from test.c:5:
exercises.c: In function ‘crearVector’:
exercises.c:89:17: error: assignment to ‘int *’ from incompatible pointer type ‘Vector *’ [-Werror=incompatible-pointer-types]
   89 |   vectorn->datos=(Vector*)malloc(sizeof(Vector)*n);
      |                 ^
exercises.c:89:17: error: ‘vectorn’ is used uninitialized [-Werror=uninitialized]
   89 |   vectorn->datos=(Vector*)malloc(sizeof(Vector)*n);
      |   ~~~~~~~~~~~~~~^~~~~~~~~~~~~~~~~~~~~~~~~~~~~~~~~~
cc1: all warnings being treated as errors
Compilation failed
2f7bcc4
Sat 11 Mar 2023 03:58:15 AM UTC: 
 exercises.c | 2 +-
 1 file changed, 1 insertion(+), 1 deletion(-)
In file included from test.c:5:
exercises.c: In function ‘crearVector’:
exercises.c:89:17: error: assignment to ‘int *’ from incompatible pointer type ‘Vector *’ [-Werror=incompatible-pointer-types]
   89 |   vectorn->datos=(Vector*)malloc(sizeof(Vector)*n);
      |                 ^
cc1: all warnings being treated as errors
Compilation failed
daf420b
Sat 11 Mar 2023 03:59:05 AM UTC: 
 exercises.c | 2 +-
 1 file changed, 1 insertion(+), 1 deletion(-)
In file included from test.c:5:
exercises.c: In function ‘crearVector’:
exercises.c:89:19: error: ‘Int’ undeclared (first use in this function); did you mean ‘int’?
   89 |   vectorn->datos=(Int*)malloc(sizeof(Int)*n);
      |                   ^~~
      |                   int
exercises.c:89:19: note: each undeclared identifier is reported only once for each function it appears in
exercises.c:89:23: error: expected expression before ‘)’ token
   89 |   vectorn->datos=(Int*)malloc(sizeof(Int)*n);
      |                       ^
Compilation failed
9b3ccd3
Sat 11 Mar 2023 03:59:25 AM UTC: 
 exercises.c | 2 +-
 1 file changed, 1 insertion(+), 1 deletion(-)
 tests:  0|0
72cf85d
Sat 11 Mar 2023 04:00:48 AM UTC: 
 exercises.c | 2 +-
 1 file changed, 1 insertion(+), 1 deletion(-)
 tests:  0|0
26fbe0d
Sat 11 Mar 2023 04:02:30 AM UTC: 
 exercises.c | 2 +-
 1 file changed, 1 insertion(+), 1 deletion(-)
 tests:  0|0
0c92076
Sat 11 Mar 2023 04:07:25 AM UTC: 
 exercises.c | 2 +-
 1 file changed, 1 insertion(+), 1 deletion(-)
 tests:  0|0
9cbe5a3
Sat 11 Mar 2023 04:08:58 AM UTC: 
 exercises.c | 4 ++--
 1 file changed, 2 insertions(+), 2 deletions(-)
 tests:  4|3
total_score: 40/70
b717201
Sat 11 Mar 2023 04:10:53 AM UTC: 
 exercises.c | 1 +
 1 file changed, 1 insertion(+)
In file included from test.c:5:
exercises.c: In function ‘asignarValor’:
exercises.c:107:3: error: invalid type argument of unary ‘*’ (have ‘Vector’)
  107 |   *v[i]=valor;
      |   ^~~~~
Compilation failed
b3cd225
Sat 11 Mar 2023 04:11:23 AM UTC: 
 exercises.c | 2 +-
 1 file changed, 1 insertion(+), 1 deletion(-)
In file included from test.c:5:
exercises.c: In function ‘asignarValor’:
exercises.c:107:8: error: incompatible types when assigning to type ‘Vector’ from type ‘int’
  107 |   v[i]=valor;
      |        ^~~~~
Compilation failed
bc6bcd5
Sat 11 Mar 2023 04:12:15 AM UTC: 
 exercises.c | 2 +-
 1 file changed, 1 insertion(+), 1 deletion(-)
 tests:  4|3
total_score: 40/70
756fa81
Sat 11 Mar 2023 04:16:10 AM UTC: 
 exercises.c | 7 ++++++-
 1 file changed, 6 insertions(+), 1 deletion(-)
In file included from test.c:5:
exercises.c: In function ‘asignarValor’:
exercises.c:111:18: error: ‘aux’ undeclared (first use in this function)
  111 |       v[i].datos[aux]=0<;
      |                  ^~~
exercises.c:111:18: note: each undeclared identifier is reported only once for each function it appears in
exercises.c:111:25: error: expected expression before ‘;’ token
  111 |       v[i].datos[aux]=0<;
      |                         ^
Compilation failed
ec39ecb
Sat 11 Mar 2023 04:16:25 AM UTC: 
 exercises.c | 4 ++--
 1 file changed, 2 insertions(+), 2 deletions(-)
 tests:  0|0
51292ce
Sat 11 Mar 2023 04:18:05 AM UTC: 
 exercises.c | 2 +-
 1 file changed, 1 insertion(+), 1 deletion(-)
 tests:  4|3
total_score: 40/70
d9a90e1
Sat 11 Mar 2023 04:19:34 AM UTC: 
 exercises.c | 9 +++------
 1 file changed, 3 insertions(+), 6 deletions(-)
 tests:  4|3
total_score: 40/70
64ecff5
Sat 11 Mar 2023 04:31:24 AM UTC: 
 exercises.c | 2 --
 1 file changed, 2 deletions(-)
 tests:  4|3
total_score: 40/70
e7aa751
Tue 14 Mar 2023 01:42:28 PM UTC: 
 exercises.c | 1 +
 1 file changed, 1 insertion(+)
In file included from test.c:5:
exercises.c: In function ‘asignarValor’:
exercises.c:107:8: error: incompatible types when assigning to type ‘Vector’ from type ‘int’
  107 |   v[i]=valor
      |        ^~~~~
exercises.c:107:13: error: expected ‘;’ before ‘}’ token
  107 |   v[i]=valor
      |             ^
      |             ;
  108 | 
  109 | }
      | ~            
Compilation failed
225a857
Tue 14 Mar 2023 01:44:23 PM UTC: 
 exercises.c | 3 ++-
 1 file changed, 2 insertions(+), 1 deletion(-)
In file included from test.c:5:
exercises.c: In function ‘asignarValor’:
exercises.c:107:23: error: expected ‘;’ before ‘}’ token
  107 |   v[i].capacidad=valor
      |                       ^
      |                       ;
......
  110 | }
      | ~                      
Compilation failed
f627707
Tue 14 Mar 2023 01:44:33 PM UTC: 
 exercises.c | 2 +-
 1 file changed, 1 insertion(+), 1 deletion(-)
 tests:  4|3
total_score: 40/70
9e64e8c
Tue 14 Mar 2023 01:48:01 PM UTC: 
 exercises.c | 2 +-
 1 file changed, 1 insertion(+), 1 deletion(-)
In file included from test.c:5:
exercises.c: In function ‘asignarValor’:
exercises.c:107:8: error: cast to pointer from integer of different size [-Werror=int-to-pointer-cast]
  107 |   v[i]=(Vector*)valor;
      |        ^
exercises.c:107:8: error: incompatible types when assigning to type ‘Vector’ from type ‘Vector *’
cc1: all warnings being treated as errors
Compilation failed
520ab0a
Tue 14 Mar 2023 01:50:39 PM UTC: 
 exercises.c | 2 +-
 1 file changed, 1 insertion(+), 1 deletion(-)
In file included from test.c:5:
exercises.c: In function ‘asignarValor’:
exercises.c:107:13: error: assignment to ‘int *’ from ‘int’ makes pointer from integer without a cast [-Werror=int-conversion]
  107 |   v[i].datos=valor;
      |             ^
cc1: all warnings being treated as errors
Compilation failed
17e0fcc
Tue 14 Mar 2023 01:51:00 PM UTC: 
 exercises.c | 2 +-
 1 file changed, 1 insertion(+), 1 deletion(-)
In file included from test.c:5:
exercises.c: In function ‘asignarValor’:
exercises.c:107:7: error: invalid type argument of ‘->’ (have ‘Vector’)
  107 |   v[i]->datos=valor;
      |       ^~
Compilation failed
d149edf
Tue 14 Mar 2023 01:51:17 PM UTC: 
 exercises.c | 2 +-
 1 file changed, 1 insertion(+), 1 deletion(-)
 tests:  4|3
total_score: 40/70
23dc081
Tue 14 Mar 2023 01:52:21 PM UTC: 
 exercises.c | 2 +-
 1 file changed, 1 insertion(+), 1 deletion(-)
 tests:  4|3
total_score: 40/70
a798993
Tue 14 Mar 2023 01:52:45 PM UTC: 
 exercises.c | 2 +-
 1 file changed, 1 insertion(+), 1 deletion(-)
In file included from test.c:5:
exercises.c: In function ‘asignarValor’:
exercises.c:107:4: error: ‘v’ is a pointer; did you mean to use ‘->’?
  107 |   v.datos[i]=valor;
      |    ^
      |    ->
Compilation failed
f3be7cf
Tue 14 Mar 2023 01:53:01 PM UTC: 
 exercises.c | 2 +-
 1 file changed, 1 insertion(+), 1 deletion(-)
 tests:  4|3
total_score: 40/70
bd94b14
Tue 14 Mar 2023 01:54:47 PM UTC: 
 exercises.c | 6 +++++-
 1 file changed, 5 insertions(+), 1 deletion(-)
 tests:  0|0
c39770d
Tue 14 Mar 2023 01:55:31 PM UTC: 
 exercises.c | 4 ++--
 1 file changed, 2 insertions(+), 2 deletions(-)
In file included from test.c:5:
exercises.c: In function ‘asignarValor’:
exercises.c:107:7: error: invalid type argument of ‘->’ (have ‘Vector’)
  107 |   v[i]->capacidad=valor;
      |       ^~
exercises.c:110:11: error: invalid type argument of ‘->’ (have ‘Vector’)
  110 |       v[i]->datos[i]=0;
      |           ^~
Compilation failed
49454e0
Tue 14 Mar 2023 01:55:45 PM UTC: 
 exercises.c | 4 ++--
 1 file changed, 2 insertions(+), 2 deletions(-)
 tests:  0|0
b3064e9
Tue 14 Mar 2023 01:56:18 PM UTC: 
 exercises.c | 2 +-
 1 file changed, 1 insertion(+), 1 deletion(-)
 tests:  4|3
total_score: 40/70
7d9eb76
Tue 14 Mar 2023 01:57:21 PM UTC: 
 exercises.c | 6 +-----
 1 file changed, 1 insertion(+), 5 deletions(-)
 tests:  4|3
total_score: 40/70
cc39e1d
Tue 14 Mar 2023 01:57:37 PM UTC: 
 exercises.c | 2 +-
 1 file changed, 1 insertion(+), 1 deletion(-)
 tests:  4|3
total_score: 40/70
0d498ad
Thu 16 Mar 2023 08:20:14 PM UTC: 
 exercises.c | 2 +-
 1 file changed, 1 insertion(+), 1 deletion(-)
 tests:  4|3
total_score: 40/70
29bb363
Thu 16 Mar 2023 08:25:29 PM UTC: 
 exercises.c | 4 +++-
 1 file changed, 3 insertions(+), 1 deletion(-)
 tests:  6|2
total_score: 50/70
939e36f
Thu 16 Mar 2023 08:31:55 PM UTC: 
 exercises.c | 5 ++++-
 1 file changed, 4 insertions(+), 1 deletion(-)
In file included from test.c:5:
exercises.c: In function ‘sumaV’:
exercises.c:129:17: error: implicit declaration of function ‘len’ [-Werror=implicit-function-declaration]
  129 |   for(int i=0;i<len(a);i++)
      |                 ^~~
exercises.c:131:16: error: invalid operands to binary + (have ‘Vector’ and ‘Vector’)
  131 |       c[i]=a[i]+b[i];
      |            ~~~~^~~~~
      |             |    |
      |             |    Vector
      |             Vector
cc1: all warnings being treated as errors
Compilation failed
9ed8431
Thu 16 Mar 2023 08:35:39 PM UTC: 
 exercises.c | 2 +-
 1 file changed, 1 insertion(+), 1 deletion(-)
In file included from test.c:5:
exercises.c: In function ‘sumaV’:
exercises.c:129:17: error: implicit declaration of function ‘len’ [-Werror=implicit-function-declaration]
  129 |   for(int i=0;i<len(a);i++)
      |                 ^~~
cc1: all warnings being treated as errors
Compilation failed
a8b5ee6
Thu 16 Mar 2023 08:38:23 PM UTC: 
 exercises.c | 2 +-
 1 file changed, 1 insertion(+), 1 deletion(-)
In file included from test.c:5:
exercises.c: In function ‘sumaV’:
exercises.c:129:36: error: division ‘sizeof (int *) / sizeof (int)’ does not compute the number of array elements [-Werror=sizeof-pointer-div]
  129 |   for(int i=0;i<((sizeof(a->datos))/(sizeof(int)));i++)
      |                                    ^
cc1: all warnings being treated as errors
Compilation failed
1196c29
Thu 16 Mar 2023 08:39:05 PM UTC: 
 exercises.c | 2 +-
 1 file changed, 1 insertion(+), 1 deletion(-)
 tests:  6|2
total_score: 50/70
6754bbd
Thu 16 Mar 2023 08:39:59 PM UTC: 
 exercises.c | 2 +-
 1 file changed, 1 insertion(+), 1 deletion(-)
 tests:  7|1
total_score: 60/70
a08b649
Thu 16 Mar 2023 08:46:19 PM UTC: 
 exercises.c | 6 ++++++
 1 file changed, 6 insertions(+)
 tests:  7|1
total_score: 60/70
49eb475
Thu 16 Mar 2023 08:47:23 PM UTC: 
 exercises.c | 6 +-----
 1 file changed, 1 insertion(+), 5 deletions(-)
 tests:  7|1
total_score: 60/70
4af6c1c
Fri 17 Mar 2023 02:25:46 AM UTC: 
 exercises.c | 10 +++++++---
 1 file changed, 7 insertions(+), 3 deletions(-)
In file included from test.c:5:
exercises.c: In function ‘sumaV2’:
exercises.c:141:3: error: ‘A1’ undeclared (first use in this function); did you mean ‘a1’?
  141 |   A1=crearVector(a1);
      |   ^~
      |   a1
exercises.c:141:3: note: each undeclared identifier is reported only once for each function it appears in
exercises.c:142:3: error: ‘A2’ undeclared (first use in this function); did you mean ‘a2’?
  142 |   A2=crearVector(a2);
      |   ^~
      |   a2
exercises.c:143:3: error: ‘B1’ undeclared (first use in this function); did you mean ‘b1’?
  143 |   B1=crearVector(b1);
      |   ^~
      |   b1
exercises.c:144:3: error: ‘B2’ undeclared (first use in this function); did you mean ‘b2’?
  144 |   B2=crearVector(b2);
      |   ^~
      |   b2
exercises.c:145:3: error: ‘B3’ undeclared (first use in this function)
  145 |   B3=sumaV(b1,b2);
      |   ^~
exercises.c:145:12: error: passing argument 1 of ‘sumaV’ makes pointer from integer without a cast [-Werror=int-conversion]
  145 |   B3=sumaV(b1,b2);
      |            ^~
      |            |
      |            int
exercises.c:128:21: note: expected ‘Vector *’ but argument is of type ‘int’
  128 | void sumaV(Vector * a, Vector * b, Vector * c) {
      |            ~~~~~~~~~^
exercises.c:145:15: error: passing argument 2 of ‘sumaV’ makes pointer from integer without a cast [-Werror=int-conversion]
  145 |   B3=sumaV(b1,b2);
      |               ^~
      |               |
      |               int
exercises.c:128:33: note: expected ‘Vector *’ but argument is of type ‘int’
  128 | void sumaV(Vector * a, Vector * b, Vector * c) {
      |                        ~~~~~~~~~^
exercises.c:145:6: error: too few arguments to function ‘sumaV’
  145 |   B3=sumaV(b1,b2);
      |      ^~~~~
exercises.c:128:6: note: declared here
  128 | void sumaV(Vector * a, Vector * b, Vector * c) {
      |      ^~~~~
exercises.c:146:3: error: ‘A3’ undeclared (first use in this function)
  146 |   A3=sumaV(a1,a2);
      |   ^~
exercises.c:146:12: error: passing argument 1 of ‘sumaV’ makes pointer from integer without a cast [-Werror=int-conversion]
  146 |   A3=sumaV(a1,a2);
      |            ^~
      |            |
      |            int
exercises.c:128:21: note: expected ‘Vector *’ but argument is of type ‘int’
  128 | void sumaV(Vector * a, Vector * b, Vector * c) {
      |            ~~~~~~~~~^
exercises.c:146:15: error: passing argument 2 of ‘sumaV’ makes pointer from integer without a cast [-Werror=int-conversion]
  146 |   A3=sumaV(a1,a2);
      |               ^~
      |               |
      |               int
exercises.c:128:33: note: expected ‘Vector *’ but argument is of type ‘int’
  128 | void sumaV(Vector * a, Vector * b, Vector * c) {
      |                        ~~~~~~~~~^
exercises.c:146:6: error: too few arguments to function ‘sumaV’
  146 |   A3=sumaV(a1,a2);
      |      ^~~~~
exercises.c:128:6: note: declared here
  128 | void sumaV(Vector * a, Vector * b, Vector * c) {
      |      ^~~~~
exercises.c:147:12: error: too few arguments to function ‘sumaV’
  147 |   c->datos=sumaV(A3+B3);
      |            ^~~~~
exercises.c:128:6: note: declared here
  128 | void sumaV(Vector * a, Vector * b, Vector * c) {
      |      ^~~~~
cc1: all warnings being treated as errors
Compilation failed
b537439
Fri 17 Mar 2023 02:29:55 AM UTC: 
 exercises.c | 4 +---
 1 file changed, 1 insertion(+), 3 deletions(-)
In file included from test.c:5:
exercises.c: In function ‘sumaV2’:
exercises.c:141:3: error: ‘A1’ undeclared (first use in this function); did you mean ‘a1’?
  141 |   A1=crearVector(a1);
      |   ^~
      |   a1
exercises.c:141:3: note: each undeclared identifier is reported only once for each function it appears in
exercises.c:142:3: error: ‘A2’ undeclared (first use in this function); did you mean ‘a2’?
  142 |   A2=crearVector(a2);
      |   ^~
      |   a2
exercises.c:143:3: error: ‘B1’ undeclared (first use in this function); did you mean ‘b1’?
  143 |   B1=crearVector(b1);
      |   ^~
      |   b1
exercises.c:144:3: error: ‘B2’ undeclared (first use in this function); did you mean ‘b2’?
  144 |   B2=crearVector(b2);
      |   ^~
      |   b2
exercises.c:145:3: error: implicit declaration of function ‘sumarV’; did you mean ‘sumaV’? [-Werror=implicit-function-declaration]
  145 |   sumarV(a1,a2,c);
      |   ^~~~~~
      |   sumaV
cc1: all warnings being treated as errors
Compilation failed
1e97065
Fri 17 Mar 2023 02:30:14 AM UTC: 
 exercises.c | 2 +-
 1 file changed, 1 insertion(+), 1 deletion(-)
In file included from test.c:5:
exercises.c: In function ‘sumaV2’:
exercises.c:141:3: error: ‘A1’ undeclared (first use in this function); did you mean ‘a1’?
  141 |   A1=crearVector(a1);
      |   ^~
      |   a1
exercises.c:141:3: note: each undeclared identifier is reported only once for each function it appears in
exercises.c:142:3: error: ‘A2’ undeclared (first use in this function); did you mean ‘a2’?
  142 |   A2=crearVector(a2);
      |   ^~
      |   a2
exercises.c:143:3: error: ‘B1’ undeclared (first use in this function); did you mean ‘b1’?
  143 |   B1=crearVector(b1);
      |   ^~
      |   b1
exercises.c:144:3: error: ‘B2’ undeclared (first use in this function); did you mean ‘b2’?
  144 |   B2=crearVector(b2);
      |   ^~
      |   b2
exercises.c:145:9: error: passing argument 1 of ‘sumaV’ makes pointer from integer without a cast [-Werror=int-conversion]
  145 |   sumaV(a1,a2,c);
      |         ^~
      |         |
      |         int
exercises.c:128:21: note: expected ‘Vector *’ but argument is of type ‘int’
  128 | void sumaV(Vector * a, Vector * b, Vector * c) {
      |            ~~~~~~~~~^
exercises.c:145:12: error: passing argument 2 of ‘sumaV’ makes pointer from integer without a cast [-Werror=int-conversion]
  145 |   sumaV(a1,a2,c);
      |            ^~
      |            |
      |            int
exercises.c:128:33: note: expected ‘Vector *’ but argument is of type ‘int’
  128 | void sumaV(Vector * a, Vector * b, Vector * c) {
      |                        ~~~~~~~~~^
cc1: all warnings being treated as errors
Compilation failed
d8ddeb0
Fri 17 Mar 2023 02:30:35 AM UTC: 
 exercises.c | 2 +-
 1 file changed, 1 insertion(+), 1 deletion(-)
In file included from test.c:5:
exercises.c: In function ‘sumaV2’:
exercises.c:141:3: error: ‘A1’ undeclared (first use in this function); did you mean ‘a1’?
  141 |   A1=crearVector(a1);
      |   ^~
      |   a1
exercises.c:141:3: note: each undeclared identifier is reported only once for each function it appears in
exercises.c:142:3: error: ‘A2’ undeclared (first use in this function); did you mean ‘a2’?
  142 |   A2=crearVector(a2);
      |   ^~
      |   a2
exercises.c:143:3: error: ‘B1’ undeclared (first use in this function); did you mean ‘b1’?
  143 |   B1=crearVector(b1);
      |   ^~
      |   b1
exercises.c:144:3: error: ‘B2’ undeclared (first use in this function); did you mean ‘b2’?
  144 |   B2=crearVector(b2);
      |   ^~
      |   b2
Compilation failed
df7636f
Fri 17 Mar 2023 02:31:15 AM UTC: 
 exercises.c | 8 ++++----
 1 file changed, 4 insertions(+), 4 deletions(-)
In file included from test.c:5:
exercises.c: In function ‘sumaV2’:
exercises.c:144:11: error: unused variable ‘B2’ [-Werror=unused-variable]
  144 |   Vector *B2=crearVector(b2);
      |           ^~
exercises.c:143:11: error: unused variable ‘B1’ [-Werror=unused-variable]
  143 |   Vector *B1=crearVector(b1);
      |           ^~
cc1: all warnings being treated as errors
Compilation failed
1ba032d
Fri 17 Mar 2023 02:31:47 AM UTC: 
 exercises.c | 8 ++++----
 1 file changed, 4 insertions(+), 4 deletions(-)
In file included from test.c:5:
exercises.c: In function ‘sumaV2’:
exercises.c:141:13: error: invalid initializer
  141 |   Vector A1=crearVector(a1);
      |             ^~~~~~~~~~~
exercises.c:142:13: error: invalid initializer
  142 |   Vector A2=crearVector(a2);
      |             ^~~~~~~~~~~
exercises.c:143:13: error: invalid initializer
  143 |   Vector B1=crearVector(b1);
      |             ^~~~~~~~~~~
exercises.c:144:13: error: invalid initializer
  144 |   Vector B2=crearVector(b2);
      |             ^~~~~~~~~~~
exercises.c:145:9: error: incompatible type for argument 1 of ‘sumaV’
  145 |   sumaV(A1,A2,c);
      |         ^~
      |         |
      |         Vector
exercises.c:128:21: note: expected ‘Vector *’ but argument is of type ‘Vector’
  128 | void sumaV(Vector * a, Vector * b, Vector * c) {
      |            ~~~~~~~~~^
exercises.c:145:12: error: incompatible type for argument 2 of ‘sumaV’
  145 |   sumaV(A1,A2,c);
      |            ^~
      |            |
      |            Vector
exercises.c:128:33: note: expected ‘Vector *’ but argument is of type ‘Vector’
  128 | void sumaV(Vector * a, Vector * b, Vector * c) {
      |                        ~~~~~~~~~^
exercises.c:144:10: error: unused variable ‘B2’ [-Werror=unused-variable]
  144 |   Vector B2=crearVector(b2);
      |          ^~
exercises.c:143:10: error: unused variable ‘B1’ [-Werror=unused-variable]
  143 |   Vector B1=crearVector(b1);
      |          ^~
cc1: all warnings being treated as errors
Compilation failed
5afbbac
Fri 17 Mar 2023 02:34:04 AM UTC: 
 exercises.c | 8 +++-----
 1 file changed, 3 insertions(+), 5 deletions(-)
In file included from test.c:5:
test.c: In function ‘sumaV2’:
exercises.c:142:3: error: ‘suma1’ is used uninitialized [-Werror=uninitialized]
  142 |   sumaV(crearVector(a1),crearVector(a2),suma1);
      |   ^~~~~~~~~~~~~~~~~~~~~~~~~~~~~~~~~~~~~~~~~~~~
cc1: all warnings being treated as errors
Compilation failed
1777ff7
Fri 17 Mar 2023 02:34:35 AM UTC: 
 exercises.c | 2 +-
 1 file changed, 1 insertion(+), 1 deletion(-)
 tests:  0|0
7daf0c9
Fri 17 Mar 2023 02:36:47 AM UTC: 
 exercises.c | 3 +--
 1 file changed, 1 insertion(+), 2 deletions(-)
 tests:  7|1
total_score: 60/70
c9a0f5b
Fri 17 Mar 2023 02:37:31 AM UTC: 
 exercises.c | 4 ++++
 1 file changed, 4 insertions(+)
 tests:  7|1
total_score: 60/70
d5ffac6
Fri 17 Mar 2023 02:45:08 AM UTC: 
 exercises.c | 13 +++++++++----
 1 file changed, 9 insertions(+), 4 deletions(-)
 tests:  7|1
total_score: 60/70
278cd17
